<?xml version="1.0" encoding="UTF-8"?>
<testsuite xmlns:xsi="http://www.w3.org/2001/XMLSchema-instance" xsi:noNamespaceSchemaLocation="https://maven.apache.org/surefire/maven-surefire-plugin/xsd/surefire-test-report.xsd" name="com.hengzhi.DiaryServiceTest" time="0.005" tests="0" errors="0" skipped="0" failures="0">
  <properties>
    <property name="sun.desktop" value="windows"/>
    <property name="awt.toolkit" value="sun.awt.windows.WToolkit"/>
    <property name="file.encoding.pkg" value="sun.io"/>
    <property name="java.specification.version" value="1.8"/>
    <property name="sun.cpu.isalist" value="amd64"/>
    <property name="sun.jnu.encoding" value="GBK"/>
    <property name="java.class.path" value="C:\Users\23808\Desktop\BBRoom\target\test-classes;C:\Users\23808\Desktop\BBRoom\target\classes;D:\application\maven\maven-repository\com\qcloud\cos_api\5.2.4\cos_api-5.2.4.jar;D:\application\maven\maven-repository\org\apache\httpcomponents\httpclient\4.5.3\httpclient-4.5.3.jar;D:\application\maven\maven-repository\org\apache\httpcomponents\httpcore\4.4.6\httpcore-4.4.6.jar;D:\application\maven\maven-repository\commons-codec\commons-codec\1.10\commons-codec-1.10.jar;D:\application\maven\maven-repository\joda-time\joda-time\2.9.6\joda-time-2.9.6.jar;D:\application\maven\maven-repository\org\apache\shiro\shiro-core\1.4.0\shiro-core-1.4.0.jar;D:\application\maven\maven-repository\org\apache\shiro\shiro-lang\1.4.0\shiro-lang-1.4.0.jar;D:\application\maven\maven-repository\org\apache\shiro\shiro-cache\1.4.0\shiro-cache-1.4.0.jar;D:\application\maven\maven-repository\org\apache\shiro\shiro-crypto-hash\1.4.0\shiro-crypto-hash-1.4.0.jar;D:\application\maven\maven-repository\org\apache\shiro\shiro-crypto-core\1.4.0\shiro-crypto-core-1.4.0.jar;D:\application\maven\maven-repository\org\apache\shiro\shiro-crypto-cipher\1.4.0\shiro-crypto-cipher-1.4.0.jar;D:\application\maven\maven-repository\org\apache\shiro\shiro-config-core\1.4.0\shiro-config-core-1.4.0.jar;D:\application\maven\maven-repository\org\apache\shiro\shiro-config-ogdl\1.4.0\shiro-config-ogdl-1.4.0.jar;D:\application\maven\maven-repository\commons-beanutils\commons-beanutils\1.9.3\commons-beanutils-1.9.3.jar;D:\application\maven\maven-repository\commons-collections\commons-collections\3.2.2\commons-collections-3.2.2.jar;D:\application\maven\maven-repository\org\apache\shiro\shiro-event\1.4.0\shiro-event-1.4.0.jar;D:\application\maven\maven-repository\org\apache\shiro\shiro-spring\1.4.0\shiro-spring-1.4.0.jar;D:\application\maven\maven-repository\org\apache\shiro\shiro-web\1.4.0\shiro-web-1.4.0.jar;D:\application\maven\maven-repository\net\sf\ehcache\ehcache\2.10.6\ehcache-2.10.6.jar;D:\application\maven\maven-repository\io\springfox\springfox-swagger2\2.9.2\springfox-swagger2-2.9.2.jar;D:\application\maven\maven-repository\io\swagger\swagger-annotations\1.5.20\swagger-annotations-1.5.20.jar;D:\application\maven\maven-repository\io\swagger\swagger-models\1.5.20\swagger-models-1.5.20.jar;D:\application\maven\maven-repository\io\springfox\springfox-spi\2.9.2\springfox-spi-2.9.2.jar;D:\application\maven\maven-repository\io\springfox\springfox-core\2.9.2\springfox-core-2.9.2.jar;D:\application\maven\maven-repository\net\bytebuddy\byte-buddy\1.8.12\byte-buddy-1.8.12.jar;D:\application\maven\maven-repository\io\springfox\springfox-schema\2.9.2\springfox-schema-2.9.2.jar;D:\application\maven\maven-repository\io\springfox\springfox-swagger-common\2.9.2\springfox-swagger-common-2.9.2.jar;D:\application\maven\maven-repository\io\springfox\springfox-spring-web\2.9.2\springfox-spring-web-2.9.2.jar;D:\application\maven\maven-repository\com\google\guava\guava\20.0\guava-20.0.jar;D:\application\maven\maven-repository\com\fasterxml\classmate\1.4.0\classmate-1.4.0.jar;D:\application\maven\maven-repository\org\springframework\plugin\spring-plugin-core\1.2.0.RELEASE\spring-plugin-core-1.2.0.RELEASE.jar;D:\application\maven\maven-repository\org\springframework\plugin\spring-plugin-metadata\1.2.0.RELEASE\spring-plugin-metadata-1.2.0.RELEASE.jar;D:\application\maven\maven-repository\org\mapstruct\mapstruct\1.2.0.Final\mapstruct-1.2.0.Final.jar;D:\application\maven\maven-repository\org\aspectj\aspectjweaver\1.8.6\aspectjweaver-1.8.6.jar;D:\application\maven\maven-repository\org\springframework\spring-aop\4.3.18.RELEASE\spring-aop-4.3.18.RELEASE.jar;D:\application\maven\maven-repository\org\springframework\spring-beans\4.3.18.RELEASE\spring-beans-4.3.18.RELEASE.jar;D:\application\maven\maven-repository\org\springframework\spring-core\4.3.18.RELEASE\spring-core-4.3.18.RELEASE.jar;D:\application\maven\maven-repository\org\springframework\spring-context\4.3.18.RELEASE\spring-context-4.3.18.RELEASE.jar;D:\application\maven\maven-repository\org\springframework\spring-expression\4.3.18.RELEASE\spring-expression-4.3.18.RELEASE.jar;D:\application\maven\maven-repository\org\springframework\spring-web\4.3.18.RELEASE\spring-web-4.3.18.RELEASE.jar;D:\application\maven\maven-repository\org\springframework\spring-webmvc\4.3.18.RELEASE\spring-webmvc-4.3.18.RELEASE.jar;D:\application\maven\maven-repository\org\springframework\spring-test\4.3.18.RELEASE\spring-test-4.3.18.RELEASE.jar;D:\application\maven\maven-repository\org\springframework\spring-tx\4.3.18.RELEASE\spring-tx-4.3.18.RELEASE.jar;D:\application\maven\maven-repository\org\springframework\spring-jdbc\4.3.18.RELEASE\spring-jdbc-4.3.18.RELEASE.jar;D:\application\maven\maven-repository\javax\servlet\javax.servlet-api\4.0.1\javax.servlet-api-4.0.1.jar;D:\application\maven\maven-repository\javax\servlet\jsp\jsp-api\2.0\jsp-api-2.0.jar;D:\application\maven\maven-repository\jstl\jstl\1.2\jstl-1.2.jar;D:\application\maven\maven-repository\org\slf4j\slf4j-log4j12\1.7.25\slf4j-log4j12-1.7.25.jar;D:\application\maven\maven-repository\mysql\mysql-connector-java\8.0.16\mysql-connector-java-8.0.16.jar;D:\application\maven\maven-repository\com\google\protobuf\protobuf-java\3.6.1\protobuf-java-3.6.1.jar;D:\application\maven\maven-repository\org\mybatis\mybatis\3.4.6\mybatis-3.4.6.jar;D:\application\maven\maven-repository\com\mchange\c3p0\0.9.5.2\c3p0-0.9.5.2.jar;D:\application\maven\maven-repository\com\mchange\mchange-commons-java\0.2.11\mchange-commons-java-0.2.11.jar;D:\application\maven\maven-repository\io\springfox\springfox-swagger-ui\2.9.2\springfox-swagger-ui-2.9.2.jar;D:\application\maven\maven-repository\com\github\xiaoymin\swagger-bootstrap-ui\1.9.6\swagger-bootstrap-ui-1.9.6.jar;D:\application\maven\maven-repository\org\slf4j\slf4j-nop\1.7.2\slf4j-nop-1.7.2.jar;D:\application\maven\maven-repository\org\aspectj\aspectjrt\1.8.6\aspectjrt-1.8.6.jar;D:\application\maven\maven-repository\commons-dbcp\commons-dbcp\1.4\commons-dbcp-1.4.jar;D:\application\maven\maven-repository\commons-pool\commons-pool\1.5.4\commons-pool-1.5.4.jar;D:\application\maven\maven-repository\com\fasterxml\jackson\core\jackson-core\2.11.0\jackson-core-2.11.0.jar;D:\application\maven\maven-repository\org\codehaus\jackson\jackson-mapper-asl\1.9.13\jackson-mapper-asl-1.9.13.jar;D:\application\maven\maven-repository\org\codehaus\jackson\jackson-core-asl\1.9.13\jackson-core-asl-1.9.13.jar;D:\application\maven\maven-repository\com\fasterxml\jackson\core\jackson-annotations\2.9.5\jackson-annotations-2.9.5.jar;D:\application\maven\maven-repository\com\fasterxml\jackson\module\jackson-module-jaxb-annotations\2.9.5\jackson-module-jaxb-annotations-2.9.5.jar;D:\application\maven\maven-repository\com\fasterxml\jackson\core\jackson-databind\2.9.5\jackson-databind-2.9.5.jar;D:\application\maven\maven-repository\cglib\cglib\3.1\cglib-3.1.jar;D:\application\maven\maven-repository\org\ow2\asm\asm\4.2\asm-4.2.jar;D:\application\maven\maven-repository\org\javassist\javassist\3.17.1-GA\javassist-3.17.1-GA.jar;D:\application\maven\maven-repository\commons-logging\commons-logging\1.1.1\commons-logging-1.1.1.jar;D:\application\maven\maven-repository\commons-lang\commons-lang\2.6\commons-lang-2.6.jar;D:\application\maven\maven-repository\org\projectlombok\lombok\1.18.8\lombok-1.18.8.jar;D:\application\maven\maven-repository\log4j\log4j\1.2.17\log4j-1.2.17.jar;D:\application\maven\maven-repository\org\slf4j\slf4j-api\1.7.5\slf4j-api-1.7.5.jar;D:\application\maven\maven-repository\org\apache\logging\log4j\log4j-core\2.0.2\log4j-core-2.0.2.jar;D:\application\maven\maven-repository\org\apache\logging\log4j\log4j-api\2.0.2\log4j-api-2.0.2.jar;D:\application\maven\maven-repository\com\alibaba\fastjson\1.2.24\fastjson-1.2.24.jar;D:\application\maven\maven-repository\org\mybatis\mybatis-spring\1.3.2\mybatis-spring-1.3.2.jar;D:\application\maven\maven-repository\commons-fileupload\commons-fileupload\1.3\commons-fileupload-1.3.jar;D:\application\maven\maven-repository\commons-io\commons-io\2.6\commons-io-2.6.jar;D:\application\maven\maven-repository\com\github\pagehelper\pagehelper\4.1.4\pagehelper-4.1.4.jar;D:\application\maven\maven-repository\com\github\jsqlparser\jsqlparser\0.9.5\jsqlparser-0.9.5.jar;D:\application\maven\maven-repository\com\sun\mail\javax.mail\1.4.4\javax.mail-1.4.4.jar;D:\application\maven\maven-repository\javax\activation\activation\1.1\activation-1.1.jar;D:\application\maven\maven-repository\javax\mail\javax.mail-api\1.4.7\javax.mail-api-1.4.7.jar;"/>
    <property name="java.vm.vendor" value="Oracle Corporation"/>
    <property name="sun.arch.data.model" value="64"/>
    <property name="user.variant" value=""/>
    <property name="java.vendor.url" value="http://java.oracle.com/"/>
    <property name="user.timezone" value="Asia/Shanghai"/>
    <property name="java.vm.specification.version" value="1.8"/>
    <property name="os.name" value="Windows 10"/>
    <property name="user.country" value="CN"/>
    <property name="sun.java.launcher" value="SUN_STANDARD"/>
    <property name="sun.boot.library.path" value="C:\Program Files\Java\jdk1.8.0_241\jre\bin"/>
    <property name="sun.java.command" value="C:\Users\23808\AppData\Local\Temp\surefire1789512101940680729\surefirebooter4215320157356896923.jar C:\Users\23808\AppData\Local\Temp\surefire1789512101940680729 2021-01-02T00-58-44_486-jvmRun1 surefire6613014317730067993tmp surefire_08091917513507039893tmp"/>
    <property name="surefire.test.class.path" value="C:\Users\23808\Desktop\BBRoom\target\test-classes;C:\Users\23808\Desktop\BBRoom\target\classes;D:\application\maven\maven-repository\com\qcloud\cos_api\5.2.4\cos_api-5.2.4.jar;D:\application\maven\maven-repository\org\apache\httpcomponents\httpclient\4.5.3\httpclient-4.5.3.jar;D:\application\maven\maven-repository\org\apache\httpcomponents\httpcore\4.4.6\httpcore-4.4.6.jar;D:\application\maven\maven-repository\commons-codec\commons-codec\1.10\commons-codec-1.10.jar;D:\application\maven\maven-repository\joda-time\joda-time\2.9.6\joda-time-2.9.6.jar;D:\application\maven\maven-repository\org\apache\shiro\shiro-core\1.4.0\shiro-core-1.4.0.jar;D:\application\maven\maven-repository\org\apache\shiro\shiro-lang\1.4.0\shiro-lang-1.4.0.jar;D:\application\maven\maven-repository\org\apache\shiro\shiro-cache\1.4.0\shiro-cache-1.4.0.jar;D:\application\maven\maven-repository\org\apache\shiro\shiro-crypto-hash\1.4.0\shiro-crypto-hash-1.4.0.jar;D:\application\maven\maven-repository\org\apache\shiro\shiro-crypto-core\1.4.0\shiro-crypto-core-1.4.0.jar;D:\application\maven\maven-repository\org\apache\shiro\shiro-crypto-cipher\1.4.0\shiro-crypto-cipher-1.4.0.jar;D:\application\maven\maven-repository\org\apache\shiro\shiro-config-core\1.4.0\shiro-config-core-1.4.0.jar;D:\application\maven\maven-repository\org\apache\shiro\shiro-config-ogdl\1.4.0\shiro-config-ogdl-1.4.0.jar;D:\application\maven\maven-repository\commons-beanutils\commons-beanutils\1.9.3\commons-beanutils-1.9.3.jar;D:\application\maven\maven-repository\commons-collections\commons-collections\3.2.2\commons-collections-3.2.2.jar;D:\application\maven\maven-repository\org\apache\shiro\shiro-event\1.4.0\shiro-event-1.4.0.jar;D:\application\maven\maven-repository\org\apache\shiro\shiro-spring\1.4.0\shiro-spring-1.4.0.jar;D:\application\maven\maven-repository\org\apache\shiro\shiro-web\1.4.0\shiro-web-1.4.0.jar;D:\application\maven\maven-repository\net\sf\ehcache\ehcache\2.10.6\ehcache-2.10.6.jar;D:\application\maven\maven-repository\io\springfox\springfox-swagger2\2.9.2\springfox-swagger2-2.9.2.jar;D:\application\maven\maven-repository\io\swagger\swagger-annotations\1.5.20\swagger-annotations-1.5.20.jar;D:\application\maven\maven-repository\io\swagger\swagger-models\1.5.20\swagger-models-1.5.20.jar;D:\application\maven\maven-repository\io\springfox\springfox-spi\2.9.2\springfox-spi-2.9.2.jar;D:\application\maven\maven-repository\io\springfox\springfox-core\2.9.2\springfox-core-2.9.2.jar;D:\application\maven\maven-repository\net\bytebuddy\byte-buddy\1.8.12\byte-buddy-1.8.12.jar;D:\application\maven\maven-repository\io\springfox\springfox-schema\2.9.2\springfox-schema-2.9.2.jar;D:\application\maven\maven-repository\io\springfox\springfox-swagger-common\2.9.2\springfox-swagger-common-2.9.2.jar;D:\application\maven\maven-repository\io\springfox\springfox-spring-web\2.9.2\springfox-spring-web-2.9.2.jar;D:\application\maven\maven-repository\com\google\guava\guava\20.0\guava-20.0.jar;D:\application\maven\maven-repository\com\fasterxml\classmate\1.4.0\classmate-1.4.0.jar;D:\application\maven\maven-repository\org\springframework\plugin\spring-plugin-core\1.2.0.RELEASE\spring-plugin-core-1.2.0.RELEASE.jar;D:\application\maven\maven-repository\org\springframework\plugin\spring-plugin-metadata\1.2.0.RELEASE\spring-plugin-metadata-1.2.0.RELEASE.jar;D:\application\maven\maven-repository\org\mapstruct\mapstruct\1.2.0.Final\mapstruct-1.2.0.Final.jar;D:\application\maven\maven-repository\org\aspectj\aspectjweaver\1.8.6\aspectjweaver-1.8.6.jar;D:\application\maven\maven-repository\org\springframework\spring-aop\4.3.18.RELEASE\spring-aop-4.3.18.RELEASE.jar;D:\application\maven\maven-repository\org\springframework\spring-beans\4.3.18.RELEASE\spring-beans-4.3.18.RELEASE.jar;D:\application\maven\maven-repository\org\springframework\spring-core\4.3.18.RELEASE\spring-core-4.3.18.RELEASE.jar;D:\application\maven\maven-repository\org\springframework\spring-context\4.3.18.RELEASE\spring-context-4.3.18.RELEASE.jar;D:\application\maven\maven-repository\org\springframework\spring-expression\4.3.18.RELEASE\spring-expression-4.3.18.RELEASE.jar;D:\application\maven\maven-repository\org\springframework\spring-web\4.3.18.RELEASE\spring-web-4.3.18.RELEASE.jar;D:\application\maven\maven-repository\org\springframework\spring-webmvc\4.3.18.RELEASE\spring-webmvc-4.3.18.RELEASE.jar;D:\application\maven\maven-repository\org\springframework\spring-test\4.3.18.RELEASE\spring-test-4.3.18.RELEASE.jar;D:\application\maven\maven-repository\org\springframework\spring-tx\4.3.18.RELEASE\spring-tx-4.3.18.RELEASE.jar;D:\application\maven\maven-repository\org\springframework\spring-jdbc\4.3.18.RELEASE\spring-jdbc-4.3.18.RELEASE.jar;D:\application\maven\maven-repository\javax\servlet\javax.servlet-api\4.0.1\javax.servlet-api-4.0.1.jar;D:\application\maven\maven-repository\javax\servlet\jsp\jsp-api\2.0\jsp-api-2.0.jar;D:\application\maven\maven-repository\jstl\jstl\1.2\jstl-1.2.jar;D:\application\maven\maven-repository\org\slf4j\slf4j-log4j12\1.7.25\slf4j-log4j12-1.7.25.jar;D:\application\maven\maven-repository\mysql\mysql-connector-java\8.0.16\mysql-connector-java-8.0.16.jar;D:\application\maven\maven-repository\com\google\protobuf\protobuf-java\3.6.1\protobuf-java-3.6.1.jar;D:\application\maven\maven-repository\org\mybatis\mybatis\3.4.6\mybatis-3.4.6.jar;D:\application\maven\maven-repository\com\mchange\c3p0\0.9.5.2\c3p0-0.9.5.2.jar;D:\application\maven\maven-repository\com\mchange\mchange-commons-java\0.2.11\mchange-commons-java-0.2.11.jar;D:\application\maven\maven-repository\io\springfox\springfox-swagger-ui\2.9.2\springfox-swagger-ui-2.9.2.jar;D:\application\maven\maven-repository\com\github\xiaoymin\swagger-bootstrap-ui\1.9.6\swagger-bootstrap-ui-1.9.6.jar;D:\application\maven\maven-repository\org\slf4j\slf4j-nop\1.7.2\slf4j-nop-1.7.2.jar;D:\application\maven\maven-repository\org\aspectj\aspectjrt\1.8.6\aspectjrt-1.8.6.jar;D:\application\maven\maven-repository\commons-dbcp\commons-dbcp\1.4\commons-dbcp-1.4.jar;D:\application\maven\maven-repository\commons-pool\commons-pool\1.5.4\commons-pool-1.5.4.jar;D:\application\maven\maven-repository\com\fasterxml\jackson\core\jackson-core\2.11.0\jackson-core-2.11.0.jar;D:\application\maven\maven-repository\org\codehaus\jackson\jackson-mapper-asl\1.9.13\jackson-mapper-asl-1.9.13.jar;D:\application\maven\maven-repository\org\codehaus\jackson\jackson-core-asl\1.9.13\jackson-core-asl-1.9.13.jar;D:\application\maven\maven-repository\com\fasterxml\jackson\core\jackson-annotations\2.9.5\jackson-annotations-2.9.5.jar;D:\application\maven\maven-repository\com\fasterxml\jackson\module\jackson-module-jaxb-annotations\2.9.5\jackson-module-jaxb-annotations-2.9.5.jar;D:\application\maven\maven-repository\com\fasterxml\jackson\core\jackson-databind\2.9.5\jackson-databind-2.9.5.jar;D:\application\maven\maven-repository\cglib\cglib\3.1\cglib-3.1.jar;D:\application\maven\maven-repository\org\ow2\asm\asm\4.2\asm-4.2.jar;D:\application\maven\maven-repository\org\javassist\javassist\3.17.1-GA\javassist-3.17.1-GA.jar;D:\application\maven\maven-repository\commons-logging\commons-logging\1.1.1\commons-logging-1.1.1.jar;D:\application\maven\maven-repository\commons-lang\commons-lang\2.6\commons-lang-2.6.jar;D:\application\maven\maven-repository\org\projectlombok\lombok\1.18.8\lombok-1.18.8.jar;D:\application\maven\maven-repository\log4j\log4j\1.2.17\log4j-1.2.17.jar;D:\application\maven\maven-repository\org\slf4j\slf4j-api\1.7.5\slf4j-api-1.7.5.jar;D:\application\maven\maven-repository\org\apache\logging\log4j\log4j-core\2.0.2\log4j-core-2.0.2.jar;D:\application\maven\maven-repository\org\apache\logging\log4j\log4j-api\2.0.2\log4j-api-2.0.2.jar;D:\application\maven\maven-repository\com\alibaba\fastjson\1.2.24\fastjson-1.2.24.jar;D:\application\maven\maven-repository\org\mybatis\mybatis-spring\1.3.2\mybatis-spring-1.3.2.jar;D:\application\maven\maven-repository\commons-fileupload\commons-fileupload\1.3\commons-fileupload-1.3.jar;D:\application\maven\maven-repository\commons-io\commons-io\2.6\commons-io-2.6.jar;D:\application\maven\maven-repository\com\github\pagehelper\pagehelper\4.1.4\pagehelper-4.1.4.jar;D:\application\maven\maven-repository\com\github\jsqlparser\jsqlparser\0.9.5\jsqlparser-0.9.5.jar;D:\application\maven\maven-repository\com\sun\mail\javax.mail\1.4.4\javax.mail-1.4.4.jar;D:\application\maven\maven-repository\javax\activation\activation\1.1\activation-1.1.jar;D:\application\maven\maven-repository\javax\mail\javax.mail-api\1.4.7\javax.mail-api-1.4.7.jar;"/>
    <property name="sun.cpu.endian" value="little"/>
    <property name="user.home" value="C:\Users\23808"/>
    <property name="user.language" value="zh"/>
    <property name="java.specification.vendor" value="Oracle Corporation"/>
    <property name="java.home" value="C:\Program Files\Java\jdk1.8.0_241\jre"/>
    <property name="basedir" value="C:\Users\23808\Desktop\BBRoom"/>
    <property name="file.separator" value="\"/>
    <property name="line.separator" value="&#10;"/>
    <property name="java.vm.specification.vendor" value="Oracle Corporation"/>
    <property name="java.specification.name" value="Java Platform API Specification"/>
    <property name="java.awt.graphicsenv" value="sun.awt.Win32GraphicsEnvironment"/>
    <property name="surefire.real.class.path" value="C:\Users\23808\AppData\Local\Temp\surefire1789512101940680729\surefirebooter4215320157356896923.jar"/>
    <property name="sun.boot.class.path" value="C:\Program Files\Java\jdk1.8.0_241\jre\lib\resources.jar;C:\Program Files\Java\jdk1.8.0_241\jre\lib\rt.jar;C:\Program Files\Java\jdk1.8.0_241\jre\lib\sunrsasign.jar;C:\Program Files\Java\jdk1.8.0_241\jre\lib\jsse.jar;C:\Program Files\Java\jdk1.8.0_241\jre\lib\jce.jar;C:\Program Files\Java\jdk1.8.0_241\jre\lib\charsets.jar;C:\Program Files\Java\jdk1.8.0_241\jre\lib\jfr.jar;C:\Program Files\Java\jdk1.8.0_241\jre\classes"/>
    <property name="user.script" value=""/>
    <property name="sun.management.compiler" value="HotSpot 64-Bit Tiered Compilers"/>
    <property name="java.runtime.version" value="1.8.0_241-b07"/>
    <property name="user.name" value="23808"/>
    <property name="path.separator" value=";"/>
    <property name="os.version" value="10.0"/>
    <property name="java.endorsed.dirs" value="C:\Program Files\Java\jdk1.8.0_241\jre\lib\endorsed"/>
    <property name="java.runtime.name" value="Java(TM) SE Runtime Environment"/>
    <property name="file.encoding" value="GBK"/>
    <property name="java.vm.name" value="Java HotSpot(TM) 64-Bit Server VM"/>
    <property name="localRepository" value="D:\application\maven\maven-repository"/>
    <property name="java.vendor.url.bug" value="http://bugreport.sun.com/bugreport/"/>
    <property name="java.io.tmpdir" value="C:\Users\23808\AppData\Local\Temp\"/>
    <property name="java.version" value="1.8.0_241"/>
    <property name="user.dir" value="C:\Users\23808\Desktop\BBRoom"/>
    <property name="os.arch" value="amd64"/>
    <property name="java.vm.specification.name" value="Java Virtual Machine Specification"/>
    <property name="java.awt.printerjob" value="sun.awt.windows.WPrinterJob"/>
    <property name="sun.os.patch.level" value=""/>
    <property name="idea.version2019.3.3" value="true"/>
    <property name="java.library.path" value="C:\Program Files\Java\jdk1.8.0_241\jre\bin;C:\Windows\Sun\Java\bin;C:\Windows\system32;C:\Windows;D:\Lisa\新建文件夹\;D:\新建文件夹\;C:\Program Files (x86)\Common Files\Oracle\Java\javapath;C:\Windows\system32;C:\Windows;C:\Windows\System32\Wbem;C:\Windows\System32\WindowsPowerShell\v1.0\;C:\Windows\System32\OpenSSH\;C:\Program Files (x86)\NVIDIA Corporation\PhysX\Common;C:\Program Files\NVIDIA Corporation\NVIDIA NvDLISR;D:\jdk1.9\bin;D:\Program Files\Polyspace\R2019b\runtime\win64;D:\Program Files\Polyspace\R2019b\bin;D:\Program Files\Polyspace\R2019b\polyspace\bin;C:\Program Files\Java\jdk1.8.0_241\bin;C:\Program Files\Java\jdk1.8.0_241\jre\bin;D:\Tomcat\bin;D:\Tomcat\lib;D:\Lisa\Maven\apache-maven-3.6.3\bin;D:\Lisa\Git\cmd;D:\jdk1.8\bin;C:\Users\23808\AppData\Local\Microsoft\WindowsApps;C:\sqlite;D:\Lisa\新建文件夹\Microsoft VS Code\bin;D:\jdk1.8\jdk1.9\bin;D:\Tomcat\bin;D:\Tomcat\lib;D:\Program Files\JetBrains\IntelliJ IDEA 2019.3.3\bin;;C:\Users\23808\AppData\Local\GitHubDesktop\bin;C:\Program Files\Bandizip\;."/>
    <property name="java.vm.info" value="mixed mode"/>
    <property name="java.vendor" value="Oracle Corporation"/>
    <property name="java.vm.version" value="25.241-b07"/>
    <property name="java.ext.dirs" value="C:\Program Files\Java\jdk1.8.0_241\jre\lib\ext;C:\Windows\Sun\Java\lib\ext"/>
    <property name="sun.io.unicode.encoding" value="UnicodeLittle"/>
    <property name="maven.repo.local" value="D:\application\maven\maven-repository"/>
    <property name="java.class.version" value="52.0"/>
  </properties>
</testsuite>